2018-12-26 15:56:17,485 [ACCEPTED DEPLOY] libs-release-local:com/efsavage/hello-world-war/1.0.0/hello-world-war-1.0.0.war for admin/10.155.73.183.
2018-12-26 15:56:17,693 [ACCEPTED DEPLOY] libs-release-local:com/efsavage/hello-world-war/1.0.0/hello-world-war-1.0.0.pom for admin/10.155.73.183.
2018-12-26 15:56:17,774 [ACCEPTED DOWNLOAD] libs-release-local:com/efsavage/hello-world-war/maven-metadata.xml for admin/10.155.73.183.
2018-12-26 15:56:17,781 [ACCEPTED DEPLOY] libs-release-local:com/efsavage/hello-world-war/maven-metadata.xml for admin/10.155.73.183.
2018-12-26 15:56:17,795 [ACCEPTED DOWNLOAD] libs-release-local:com/efsavage/hello-world-war/maven-metadata.xml.sha1 for admin/10.155.73.183.
2018-12-26 15:56:17,807 [ACCEPTED DOWNLOAD] libs-release-local:com/efsavage/hello-world-war/maven-metadata.xml for admin/10.155.73.183.
2018-12-26 15:56:17,811 [ACCEPTED DOWNLOAD] libs-release-local:com/efsavage/hello-world-war/maven-metadata.xml.sha1 for admin/10.155.73.183.
2018-12-26 15:56:17,824 [ACCEPTED DEPLOY] libs-release-local:com/efsavage/hello-world-war/maven-metadata.xml for admin/10.155.73.183.
2018-12-26 15:57:24,650 [ACCEPTED DEPLOY] libs-release-local:com/efsavage/hello-world-war/1.0.1/hello-world-war-1.0.1.war for admin/10.155.73.183.
2018-12-26 15:57:24,687 [ACCEPTED DEPLOY] libs-release-local:com/efsavage/hello-world-war/1.0.1/hello-world-war-1.0.1.pom for admin/10.155.73.183.
2018-12-26 15:57:24,711 [ACCEPTED DEPLOY] libs-release-local:com/efsavage/hello-world-war/maven-metadata.xml for admin/10.155.73.183.
2018-12-26 15:57:24,718 [ACCEPTED DOWNLOAD] libs-release-local:com/efsavage/hello-world-war/maven-metadata.xml for admin/10.155.73.183.
2018-12-26 15:57:24,724 [ACCEPTED DOWNLOAD] libs-release-local:com/efsavage/hello-world-war/maven-metadata.xml.sha1 for admin/10.155.73.183.
2018-12-26 15:57:24,737 [ACCEPTED DEPLOY] libs-release-local:com/efsavage/hello-world-war/maven-metadata.xml for admin/10.155.73.183.
2018-12-26 16:01:03,787 [ACCEPTED DEPLOY] libs-release-local:com/efsavage/hello-world-war/1.0.1/hello-world-war-1.0.1.war for admin/10.155.73.183.
2018-12-26 16:01:03,844 [ACCEPTED DEPLOY] libs-release-local:com/efsavage/hello-world-war/1.0.1/hello-world-war-1.0.1.pom for admin/10.155.73.183.
2018-12-26 16:01:03,861 [ACCEPTED DEPLOY] libs-release-local:com/efsavage/hello-world-war/maven-metadata.xml for admin/10.155.73.183.
2018-12-26 16:01:03,890 [ACCEPTED DOWNLOAD] libs-release-local:com/efsavage/hello-world-war/maven-metadata.xml for admin/10.155.73.183.
2018-12-26 16:01:03,896 [ACCEPTED DOWNLOAD] libs-release-local:com/efsavage/hello-world-war/maven-metadata.xml.sha1 for admin/10.155.73.183.
2018-12-26 16:01:03,910 [ACCEPTED DEPLOY] libs-release-local:com/efsavage/hello-world-war/maven-metadata.xml for admin/10.155.73.183.
2018-12-26 17:19:05,011 [DENIED DEPLOY] libs-release-local:com/efsavage/hello-world-war/1.0.2/hello-world-war-1.0.2.war for NA/10.155.73.183.
2018-12-26 17:19:05,020 [DENIED DEPLOY] libs-release-local:com/efsavage/hello-world-war/1.0.2/hello-world-war-1.0.2.pom for NA/10.155.73.183.
2018-12-26 17:23:50,274 [DENIED DEPLOY] libs-release-local:com/efsavage/hello-world-war/1.0.2/hello-world-war-1.0.2.war for NA/10.155.73.183.
2018-12-26 17:23:50,291 [DENIED DEPLOY] libs-release-local:com/efsavage/hello-world-war/1.0.2/hello-world-war-1.0.2.pom for NA/10.155.73.183.
2018-12-26 17:24:50,687 [DENIED DEPLOY] libs-release-local:com/efsavage/hello-world-war/1.0.2/hello-world-war-1.0.2.war for NA/10.155.73.183.
2018-12-26 17:24:50,704 [DENIED DEPLOY] libs-release-local:com/efsavage/hello-world-war/1.0.2/hello-world-war-1.0.2.pom for NA/10.155.73.183.
2018-12-26 17:25:34,010 [DENIED DEPLOY] libs-release-local:com/efsavage/hello-world-war/1.0.3/hello-world-war-1.0.3.war for NA/10.155.73.183.
2018-12-26 17:25:34,031 [DENIED DEPLOY] libs-release-local:com/efsavage/hello-world-war/1.0.3/hello-world-war-1.0.3.pom for NA/10.155.73.183.
2018-12-26 17:28:12,898 [DENIED DEPLOY] libs-release-local:com/efsavage/hello-world-war/1.0.2/hello-world-war-1.0.2.war for NA/10.155.73.183.
2018-12-26 17:28:12,912 [DENIED DEPLOY] libs-release-local:com/efsavage/hello-world-war/1.0.2/hello-world-war-1.0.2.pom for NA/10.155.73.183.
2018-12-26 17:34:02,088 [ACCEPTED DEPLOY] libs-release-local:com/efsavage/hello-world-war/1.0.2/hello-world-war-1.0.2.war for admin/10.155.73.183.
2018-12-26 17:34:02,119 [ACCEPTED DEPLOY] libs-release-local:com/efsavage/hello-world-war/1.0.2/hello-world-war-1.0.2.pom for admin/10.155.73.183.
2018-12-26 17:34:02,129 [ACCEPTED DEPLOY] libs-release-local:com/efsavage/hello-world-war/maven-metadata.xml for admin/10.155.73.183.
2018-12-26 17:34:02,155 [ACCEPTED DOWNLOAD] libs-release-local:com/efsavage/hello-world-war/maven-metadata.xml for admin/10.155.73.183.
2018-12-26 17:34:02,161 [ACCEPTED DOWNLOAD] libs-release-local:com/efsavage/hello-world-war/maven-metadata.xml.sha1 for admin/10.155.73.183.
2018-12-26 17:34:02,172 [ACCEPTED DEPLOY] libs-release-local:com/efsavage/hello-world-war/maven-metadata.xml for admin/10.155.73.183.
2018-12-26 17:39:04,890 [ACCEPTED DEPLOY] libs-release-local:com/efsavage/hello-world-war/1.0.2/hello-world-war-1.0.2.war for admin/10.155.73.183.
2018-12-26 17:39:04,920 [ACCEPTED DEPLOY] libs-release-local:com/efsavage/hello-world-war/1.0.2/hello-world-war-1.0.2.pom for admin/10.155.73.183.
2018-12-26 17:39:04,934 [ACCEPTED DEPLOY] libs-release-local:com/efsavage/hello-world-war/maven-metadata.xml for admin/10.155.73.183.
2018-12-26 17:39:04,955 [ACCEPTED DOWNLOAD] libs-release-local:com/efsavage/hello-world-war/maven-metadata.xml for admin/10.155.73.183.
2018-12-26 17:39:04,961 [ACCEPTED DOWNLOAD] libs-release-local:com/efsavage/hello-world-war/maven-metadata.xml.sha1 for admin/10.155.73.183.
2018-12-26 17:39:04,970 [ACCEPTED DEPLOY] libs-release-local:com/efsavage/hello-world-war/maven-metadata.xml for admin/10.155.73.183.
2018-12-26 17:41:22,278 [ACCEPTED DEPLOY] libs-release-local:com/efsavage/hello-world-war/1.0.2/hello-world-war-1.0.2.war for admin/10.155.73.183.
2018-12-26 17:41:22,335 [ACCEPTED DEPLOY] libs-release-local:com/efsavage/hello-world-war/1.0.2/hello-world-war-1.0.2.pom for admin/10.155.73.183.
2018-12-26 17:41:22,349 [ACCEPTED DEPLOY] libs-release-local:com/efsavage/hello-world-war/maven-metadata.xml for admin/10.155.73.183.
2018-12-26 17:41:22,381 [ACCEPTED DOWNLOAD] libs-release-local:com/efsavage/hello-world-war/maven-metadata.xml for admin/10.155.73.183.
2018-12-26 17:41:22,387 [ACCEPTED DOWNLOAD] libs-release-local:com/efsavage/hello-world-war/maven-metadata.xml.sha1 for admin/10.155.73.183.
2018-12-26 17:41:22,396 [ACCEPTED DEPLOY] libs-release-local:com/efsavage/hello-world-war/maven-metadata.xml for admin/10.155.73.183.
